Analysis & Synthesis report for multiplier
Sat Nov 19 16:28:31 2022
Quartus Prime Version 15.1.0 Build 185 10/21/2015 SJ Lite Edition


---------------------
; Table of Contents ;
---------------------
  1. Legal Notice
  2. Analysis & Synthesis Summary
  3. Analysis & Synthesis Settings
  4. Parallel Compilation
  5. Analysis & Synthesis Source Files Read
  6. Analysis & Synthesis Resource Usage Summary
  7. Analysis & Synthesis Resource Utilization by Entity
  8. General Register Statistics
  9. Multiplexer Restructuring Statistics (Restructuring Performed)
 10. Parameter Settings for User Entity Instance: state_count_output_controler:U0_state_count_output_controler
 11. Parameter Settings for User Entity Instance: multiplier_multiplicand_controler:U1_multiplier_multiplicand_controler
 12. Parameter Settings for User Entity Instance: result_controler:U2_result_controler
 13. Post-Synthesis Netlist Statistics for Top Partition
 14. Elapsed Time Per Partition
 15. Analysis & Synthesis Messages



----------------
; Legal Notice ;
----------------
Copyright (C) 1991-2015 Altera Corporation. All rights reserved.
Your use of Altera Corporation's design tools, logic functions 
and other software and tools, and its AMPP partner logic 
functions, and any output files from any of the foregoing 
(including device programming or simulation files), and any 
associated documentation or information are expressly subject 
to the terms and conditions of the Altera Program License 
Subscription Agreement, the Altera Quartus Prime License Agreement,
the Altera MegaCore Function License Agreement, or other 
applicable license agreement, including, without limitation, 
that your use is for the sole purpose of programming logic 
devices manufactured by Altera and sold by Altera or its 
authorized distributors.  Please refer to the applicable 
agreement for further details.



+-------------------------------------------------------------------------------+
; Analysis & Synthesis Summary                                                  ;
+---------------------------------+---------------------------------------------+
; Analysis & Synthesis Status     ; Successful - Sat Nov 19 16:28:31 2022       ;
; Quartus Prime Version           ; 15.1.0 Build 185 10/21/2015 SJ Lite Edition ;
; Revision Name                   ; multiplier                                  ;
; Top-level Entity Name           ; multiplier                                  ;
; Family                          ; Cyclone V                                   ;
; Logic utilization (in ALMs)     ; N/A                                         ;
; Total registers                 ; 264                                         ;
; Total pins                      ; 261                                         ;
; Total virtual pins              ; 0                                           ;
; Total block memory bits         ; 0                                           ;
; Total DSP Blocks                ; 0                                           ;
; Total HSSI RX PCSs              ; 0                                           ;
; Total HSSI PMA RX Deserializers ; 0                                           ;
; Total HSSI TX PCSs              ; 0                                           ;
; Total HSSI PMA TX Serializers   ; 0                                           ;
; Total PLLs                      ; 0                                           ;
; Total DLLs                      ; 0                                           ;
+---------------------------------+---------------------------------------------+


+---------------------------------------------------------------------------------------------------------------------------+
; Analysis & Synthesis Settings                                                                                             ;
+---------------------------------------------------------------------------------+--------------------+--------------------+
; Option                                                                          ; Setting            ; Default Value      ;
+---------------------------------------------------------------------------------+--------------------+--------------------+
; Device                                                                          ; 5CSXFC6D6F31C6     ;                    ;
; Top-level entity name                                                           ; multiplier         ; multiplier         ;
; Family name                                                                     ; Cyclone V          ; Cyclone V          ;
; Use smart compilation                                                           ; Off                ; Off                ;
; Enable parallel Assembler and TimeQuest Timing Analyzer during compilation      ; On                 ; On                 ;
; Enable compact report table                                                     ; Off                ; Off                ;
; Restructure Multiplexers                                                        ; Auto               ; Auto               ;
; MLAB Add Timing Constraints For Mixed-Port Feed-Through Mode Setting Don't Care ; Off                ; Off                ;
; Create Debugging Nodes for IP Cores                                             ; Off                ; Off                ;
; Preserve fewer node names                                                       ; On                 ; On                 ;
; Disable OpenCore Plus hardware evaluation                                       ; Off                ; Off                ;
; Verilog Version                                                                 ; Verilog_2001       ; Verilog_2001       ;
; VHDL Version                                                                    ; VHDL_1993          ; VHDL_1993          ;
; State Machine Processing                                                        ; Auto               ; Auto               ;
; Safe State Machine                                                              ; Off                ; Off                ;
; Extract Verilog State Machines                                                  ; On                 ; On                 ;
; Extract VHDL State Machines                                                     ; On                 ; On                 ;
; Ignore Verilog initial constructs                                               ; Off                ; Off                ;
; Iteration limit for constant Verilog loops                                      ; 5000               ; 5000               ;
; Iteration limit for non-constant Verilog loops                                  ; 250                ; 250                ;
; Add Pass-Through Logic to Inferred RAMs                                         ; On                 ; On                 ;
; Infer RAMs from Raw Logic                                                       ; On                 ; On                 ;
; Parallel Synthesis                                                              ; On                 ; On                 ;
; DSP Block Balancing                                                             ; Auto               ; Auto               ;
; NOT Gate Push-Back                                                              ; On                 ; On                 ;
; Power-Up Don't Care                                                             ; On                 ; On                 ;
; Remove Redundant Logic Cells                                                    ; Off                ; Off                ;
; Remove Duplicate Registers                                                      ; On                 ; On                 ;
; Ignore CARRY Buffers                                                            ; Off                ; Off                ;
; Ignore CASCADE Buffers                                                          ; Off                ; Off                ;
; Ignore GLOBAL Buffers                                                           ; Off                ; Off                ;
; Ignore ROW GLOBAL Buffers                                                       ; Off                ; Off                ;
; Ignore LCELL Buffers                                                            ; Off                ; Off                ;
; Ignore SOFT Buffers                                                             ; On                 ; On                 ;
; Limit AHDL Integers to 32 Bits                                                  ; Off                ; Off                ;
; Optimization Technique                                                          ; Balanced           ; Balanced           ;
; Carry Chain Length                                                              ; 70                 ; 70                 ;
; Auto Carry Chains                                                               ; On                 ; On                 ;
; Auto Open-Drain Pins                                                            ; On                 ; On                 ;
; Perform WYSIWYG Primitive Resynthesis                                           ; Off                ; Off                ;
; Auto ROM Replacement                                                            ; On                 ; On                 ;
; Auto RAM Replacement                                                            ; On                 ; On                 ;
; Auto DSP Block Replacement                                                      ; On                 ; On                 ;
; Auto Shift Register Replacement                                                 ; Auto               ; Auto               ;
; Allow Shift Register Merging across Hierarchies                                 ; Auto               ; Auto               ;
; Auto Clock Enable Replacement                                                   ; On                 ; On                 ;
; Strict RAM Replacement                                                          ; Off                ; Off                ;
; Allow Synchronous Control Signals                                               ; On                 ; On                 ;
; Force Use of Synchronous Clear Signals                                          ; Off                ; Off                ;
; Auto Resource Sharing                                                           ; Off                ; Off                ;
; Allow Any RAM Size For Recognition                                              ; Off                ; Off                ;
; Allow Any ROM Size For Recognition                                              ; Off                ; Off                ;
; Allow Any Shift Register Size For Recognition                                   ; Off                ; Off                ;
; Use LogicLock Constraints during Resource Balancing                             ; On                 ; On                 ;
; Ignore translate_off and synthesis_off directives                               ; Off                ; Off                ;
; Timing-Driven Synthesis                                                         ; On                 ; On                 ;
; Report Parameter Settings                                                       ; On                 ; On                 ;
; Report Source Assignments                                                       ; On                 ; On                 ;
; Report Connectivity Checks                                                      ; On                 ; On                 ;
; Ignore Maximum Fan-Out Assignments                                              ; Off                ; Off                ;
; Synchronization Register Chain Length                                           ; 3                  ; 3                  ;
; PowerPlay Power Optimization During Synthesis                                   ; Normal compilation ; Normal compilation ;
; HDL message level                                                               ; Level2             ; Level2             ;
; Suppress Register Optimization Related Messages                                 ; Off                ; Off                ;
; Number of Removed Registers Reported in Synthesis Report                        ; 5000               ; 5000               ;
; Number of Swept Nodes Reported in Synthesis Report                              ; 5000               ; 5000               ;
; Number of Inverted Registers Reported in Synthesis Report                       ; 100                ; 100                ;
; Clock MUX Protection                                                            ; On                 ; On                 ;
; Auto Gated Clock Conversion                                                     ; Off                ; Off                ;
; Block Design Naming                                                             ; Auto               ; Auto               ;
; SDC constraint protection                                                       ; Off                ; Off                ;
; Synthesis Effort                                                                ; Auto               ; Auto               ;
; Shift Register Replacement - Allow Asynchronous Clear Signal                    ; On                 ; On                 ;
; Pre-Mapping Resynthesis Optimization                                            ; Off                ; Off                ;
; Analysis & Synthesis Message Level                                              ; Medium             ; Medium             ;
; Disable Register Merging Across Hierarchies                                     ; Auto               ; Auto               ;
; Resource Aware Inference For Block RAM                                          ; On                 ; On                 ;
; Synthesis Seed                                                                  ; 1                  ; 1                  ;
; Automatic Parallel Synthesis                                                    ; On                 ; On                 ;
; Partial Reconfiguration Bitstream ID                                            ; Off                ; Off                ;
+---------------------------------------------------------------------------------+--------------------+--------------------+


Parallel compilation was disabled, but you have multiple processors available. Enable parallel compilation to reduce compilation time.
+-------------------------------------+
; Parallel Compilation                ;
+----------------------------+--------+
; Processors                 ; Number ;
+----------------------------+--------+
; Number detected on machine ; 16     ;
; Maximum allowed            ; 1      ;
+----------------------------+--------+


+-----------------------------------------------------------------------------------------------------------------------------------------------------------------------------------+
; Analysis & Synthesis Source Files Read                                                                                                                                            ;
+-------------------------------------+-----------------+------------------------+----------------------------------------------------------------------------------------+---------+
; File Name with User-Entered Path    ; Used in Netlist ; File Type              ; File Name with Absolute Path                                                           ; Library ;
+-------------------------------------+-----------------+------------------------+----------------------------------------------------------------------------------------+---------+
; multiplier.v                        ; yes             ; User Verilog HDL File  ; C:/Users/shin/Documents/Quartus/newBoothMultiplier/multiplier.v                        ;         ;
; state_count_output_controler.v      ; yes             ; User Verilog HDL File  ; C:/Users/shin/Documents/Quartus/newBoothMultiplier/state_count_output_controler.v      ;         ;
; multiplier_multiplicand_controler.v ; yes             ; User Verilog HDL File  ; C:/Users/shin/Documents/Quartus/newBoothMultiplier/multiplier_multiplicand_controler.v ;         ;
; result_controler.v                  ; yes             ; User Verilog HDL File  ; C:/Users/shin/Documents/Quartus/newBoothMultiplier/result_controler.v                  ;         ;
; resgisters.v                        ; yes             ; User Verilog HDL File  ; C:/Users/shin/Documents/Quartus/newBoothMultiplier/resgisters.v                        ;         ;
+-------------------------------------+-----------------+------------------------+----------------------------------------------------------------------------------------+---------+


+------------------------------------------------------------------+
; Analysis & Synthesis Resource Usage Summary                      ;
+---------------------------------------------+--------------------+
; Resource                                    ; Usage              ;
+---------------------------------------------+--------------------+
; Estimate of Logic utilization (ALMs needed) ; 199                ;
;                                             ;                    ;
; Combinational ALUT usage for logic          ; 273                ;
;     -- 7 input functions                    ; 1                  ;
;     -- 6 input functions                    ; 27                 ;
;     -- 5 input functions                    ; 100                ;
;     -- 4 input functions                    ; 4                  ;
;     -- <=3 input functions                  ; 141                ;
;                                             ;                    ;
; Dedicated logic registers                   ; 264                ;
;                                             ;                    ;
; I/O pins                                    ; 261                ;
;                                             ;                    ;
; Total DSP Blocks                            ; 0                  ;
;                                             ;                    ;
; Maximum fan-out node                        ; compounded_reset_n ;
; Maximum fan-out                             ; 264                ;
; Total fan-out                               ; 2600               ;
; Average fan-out                             ; 2.46               ;
+---------------------------------------------+--------------------+


+---------------------------------------------------------------------------------------------------------------------------------------------------------------------------------------------------------------------------------------------------------------------------+
; Analysis & Synthesis Resource Utilization by Entity                                                                                                                                                                                                                       ;
+-----------------------------------------------------------------------------+-------------------+--------------+-------------------+------------+------+--------------+------------------------------------------------------------------------------------+--------------+
; Compilation Hierarchy Node                                                  ; LC Combinationals ; LC Registers ; Block Memory Bits ; DSP Blocks ; Pins ; Virtual Pins ; Full Hierarchy Name                                                                ; Library Name ;
+-----------------------------------------------------------------------------+-------------------+--------------+-------------------+------------+------+--------------+------------------------------------------------------------------------------------+--------------+
; |multiplier                                                                 ; 273 (1)           ; 264 (0)      ; 0                 ; 0          ; 261  ; 0            ; |multiplier                                                                        ;              ;
;    |multiplier_multiplicand_controler:U1_multiplier_multiplicand_controler| ; 136 (136)         ; 0 (0)        ; 0                 ; 0          ; 0    ; 0            ; |multiplier|multiplier_multiplicand_controler:U1_multiplier_multiplicand_controler ; work         ;
;    |register_128bits:R4_result|                                             ; 0 (0)             ; 128 (128)    ; 0                 ; 0          ; 0    ; 0            ; |multiplier|register_128bits:R4_result                                             ; work         ;
;    |register_2bits:R0_state|                                                ; 1 (1)             ; 2 (2)        ; 0                 ; 0          ; 0    ; 0            ; |multiplier|register_2bits:R0_state                                                ; work         ;
;    |register_5bits:R1_count|                                                ; 5 (5)             ; 5 (5)        ; 0                 ; 0          ; 0    ; 0            ; |multiplier|register_5bits:R1_count                                                ; work         ;
;    |register_64bits:R2_multiplicand|                                        ; 0 (0)             ; 64 (64)      ; 0                 ; 0          ; 0    ; 0            ; |multiplier|register_64bits:R2_multiplicand                                        ; work         ;
;    |register_65bits:R3_multiplier|                                          ; 0 (0)             ; 65 (65)      ; 0                 ; 0          ; 0    ; 0            ; |multiplier|register_65bits:R3_multiplier                                          ; work         ;
;    |result_controler:U2_result_controler|                                   ; 128 (128)         ; 0 (0)        ; 0                 ; 0          ; 0    ; 0            ; |multiplier|result_controler:U2_result_controler                                   ; work         ;
;    |state_count_output_controler:U0_state_count_output_controler|           ; 2 (2)             ; 0 (0)        ; 0                 ; 0          ; 0    ; 0            ; |multiplier|state_count_output_controler:U0_state_count_output_controler           ; work         ;
+-----------------------------------------------------------------------------+-------------------+--------------+-------------------+------------+------+--------------+------------------------------------------------------------------------------------+--------------+
Note: For table entries with two numbers listed, the numbers in parentheses indicate the number of resources of the given type used by the specific entity alone. The numbers listed outside of parentheses indicate the total resources of the given type used by the specific entity and all of its sub-entities in the hierarchy.


+------------------------------------------------------+
; General Register Statistics                          ;
+----------------------------------------------+-------+
; Statistic                                    ; Value ;
+----------------------------------------------+-------+
; Total registers                              ; 264   ;
; Number of registers using Synchronous Clear  ; 0     ;
; Number of registers using Synchronous Load   ; 63    ;
; Number of registers using Asynchronous Clear ; 264   ;
; Number of registers using Asynchronous Load  ; 0     ;
; Number of registers using Clock Enable       ; 258   ;
; Number of registers using Preset             ; 0     ;
+----------------------------------------------+-------+


+--------------------------------------------------------------------------------------------------------------------------------------------------------------------------------------------------------+
; Multiplexer Restructuring Statistics (Restructuring Performed)                                                                                                                                         ;
+--------------------+-----------+---------------+----------------------+------------------------+------------+------------------------------------------------------------------------------------------+
; Multiplexer Inputs ; Bus Width ; Baseline Area ; Area if Restructured ; Saving if Restructured ; Registered ; Example Multiplexer Output                                                               ;
+--------------------+-----------+---------------+----------------------+------------------------+------------+------------------------------------------------------------------------------------------+
; 3:1                ; 63 bits   ; 126 LEs       ; 0 LEs                ; 126 LEs                ; Yes        ; |multiplier|register_65bits:R3_multiplier|q[63]                                          ;
; 6:1                ; 2 bits    ; 8 LEs         ; 6 LEs                ; 2 LEs                  ; No         ; |multiplier|multiplier_multiplicand_controler:U1_multiplier_multiplicand_controler|Mux0  ;
; 6:1                ; 62 bits   ; 248 LEs       ; 248 LEs              ; 0 LEs                  ; No         ; |multiplier|multiplier_multiplicand_controler:U1_multiplier_multiplicand_controler|Mux62 ;
+--------------------+-----------+---------------+----------------------+------------------------+------------+------------------------------------------------------------------------------------------+


+-----------------------------------------------------------------------------------------------------------+
; Parameter Settings for User Entity Instance: state_count_output_controler:U0_state_count_output_controler ;
+----------------+-------+----------------------------------------------------------------------------------+
; Parameter Name ; Value ; Type                                                                             ;
+----------------+-------+----------------------------------------------------------------------------------+
; IDLE           ; 00    ; Unsigned Binary                                                                  ;
; CALCULATING    ; 01    ; Unsigned Binary                                                                  ;
; DONE           ; 10    ; Unsigned Binary                                                                  ;
+----------------+-------+----------------------------------------------------------------------------------+
Note: In order to hide this table in the UI and the text report file, please set the "Show Parameter Settings in Synthesis Report" option in "Analysis and Synthesis Settings -> More Settings" to "Off".


+---------------------------------------------------------------------------------------------------------------------+
; Parameter Settings for User Entity Instance: multiplier_multiplicand_controler:U1_multiplier_multiplicand_controler ;
+----------------+-------+--------------------------------------------------------------------------------------------+
; Parameter Name ; Value ; Type                                                                                       ;
+----------------+-------+--------------------------------------------------------------------------------------------+
; IDLE           ; 00    ; Unsigned Binary                                                                            ;
; CALCULATING    ; 01    ; Unsigned Binary                                                                            ;
; DONE           ; 10    ; Unsigned Binary                                                                            ;
+----------------+-------+--------------------------------------------------------------------------------------------+
Note: In order to hide this table in the UI and the text report file, please set the "Show Parameter Settings in Synthesis Report" option in "Analysis and Synthesis Settings -> More Settings" to "Off".


+-----------------------------------------------------------------------------------+
; Parameter Settings for User Entity Instance: result_controler:U2_result_controler ;
+----------------+-------+----------------------------------------------------------+
; Parameter Name ; Value ; Type                                                     ;
+----------------+-------+----------------------------------------------------------+
; IDLE           ; 00    ; Unsigned Binary                                          ;
; CALCULATING    ; 01    ; Unsigned Binary                                          ;
; DONE           ; 10    ; Unsigned Binary                                          ;
+----------------+-------+----------------------------------------------------------+
Note: In order to hide this table in the UI and the text report file, please set the "Show Parameter Settings in Synthesis Report" option in "Analysis and Synthesis Settings -> More Settings" to "Off".


+-----------------------------------------------------+
; Post-Synthesis Netlist Statistics for Top Partition ;
+-----------------------+-----------------------------+
; Type                  ; Count                       ;
+-----------------------+-----------------------------+
; arriav_ff             ; 264                         ;
;     CLR               ; 6                           ;
;     ENA CLR           ; 195                         ;
;     ENA CLR SLD       ; 63                          ;
; arriav_lcell_comb     ; 273                         ;
;     arith             ; 192                         ;
;         0 data inputs ; 1                           ;
;         1 data inputs ; 125                         ;
;         2 data inputs ; 3                           ;
;         4 data inputs ; 2                           ;
;         5 data inputs ; 61                          ;
;     extend            ; 1                           ;
;         7 data inputs ; 1                           ;
;     normal            ; 80                          ;
;         1 data inputs ; 1                           ;
;         2 data inputs ; 6                           ;
;         3 data inputs ; 5                           ;
;         4 data inputs ; 2                           ;
;         5 data inputs ; 39                          ;
;         6 data inputs ; 27                          ;
; boundary_port         ; 261                         ;
;                       ;                             ;
; Max LUT depth         ; 13.60                       ;
; Average LUT depth     ; 7.10                        ;
+-----------------------+-----------------------------+


+-------------------------------+
; Elapsed Time Per Partition    ;
+----------------+--------------+
; Partition Name ; Elapsed Time ;
+----------------+--------------+
; Top            ; 00:00:00     ;
+----------------+--------------+


+-------------------------------+
; Analysis & Synthesis Messages ;
+-------------------------------+
Info: *******************************************************************
Info: Running Quartus Prime Analysis & Synthesis
    Info: Version 15.1.0 Build 185 10/21/2015 SJ Lite Edition
    Info: Processing started: Sat Nov 19 16:28:23 2022
Info: Command: quartus_map --read_settings_files=on --write_settings_files=off multiplier -c multiplier
Warning (20028): Parallel compilation is not licensed and has been disabled
Info (12021): Found 1 design units, including 1 entities, in source file tb_multiplier.v
    Info (12023): Found entity 1: tb_multiplier File: C:/Users/shin/Documents/Quartus/newBoothMultiplier/tb_multiplier.v Line: 2
Info (12021): Found 1 design units, including 1 entities, in source file multiplier.v
    Info (12023): Found entity 1: multiplier File: C:/Users/shin/Documents/Quartus/newBoothMultiplier/multiplier.v Line: 1
Info (12021): Found 1 design units, including 1 entities, in source file state_count_output_controler.v
    Info (12023): Found entity 1: state_count_output_controler File: C:/Users/shin/Documents/Quartus/newBoothMultiplier/state_count_output_controler.v Line: 1
Info (12021): Found 1 design units, including 1 entities, in source file multiplier_multiplicand_controler.v
    Info (12023): Found entity 1: multiplier_multiplicand_controler File: C:/Users/shin/Documents/Quartus/newBoothMultiplier/multiplier_multiplicand_controler.v Line: 1
Info (12021): Found 1 design units, including 1 entities, in source file result_controler.v
    Info (12023): Found entity 1: result_controler File: C:/Users/shin/Documents/Quartus/newBoothMultiplier/result_controler.v Line: 1
Info (12021): Found 5 design units, including 5 entities, in source file resgisters.v
    Info (12023): Found entity 1: register_2bits File: C:/Users/shin/Documents/Quartus/newBoothMultiplier/resgisters.v Line: 1
    Info (12023): Found entity 2: register_5bits File: C:/Users/shin/Documents/Quartus/newBoothMultiplier/resgisters.v Line: 17
    Info (12023): Found entity 3: register_64bits File: C:/Users/shin/Documents/Quartus/newBoothMultiplier/resgisters.v Line: 35
    Info (12023): Found entity 4: register_65bits File: C:/Users/shin/Documents/Quartus/newBoothMultiplier/resgisters.v Line: 53
    Info (12023): Found entity 5: register_128bits File: C:/Users/shin/Documents/Quartus/newBoothMultiplier/resgisters.v Line: 71
Info (12021): Found 1 design units, including 1 entities, in source file tb_multiplier_internal.v
    Info (12023): Found entity 1: tb_multiplier_internal File: C:/Users/shin/Documents/Quartus/newBoothMultiplier/tb_multiplier_internal.v Line: 2
Info (12127): Elaborating entity "multiplier" for the top level hierarchy
Info (12128): Elaborating entity "register_2bits" for hierarchy "register_2bits:R0_state" File: C:/Users/shin/Documents/Quartus/newBoothMultiplier/multiplier.v Line: 20
Info (12128): Elaborating entity "register_5bits" for hierarchy "register_5bits:R1_count" File: C:/Users/shin/Documents/Quartus/newBoothMultiplier/multiplier.v Line: 21
Info (12128): Elaborating entity "register_64bits" for hierarchy "register_64bits:R2_multiplicand" File: C:/Users/shin/Documents/Quartus/newBoothMultiplier/multiplier.v Line: 22
Info (12128): Elaborating entity "register_65bits" for hierarchy "register_65bits:R3_multiplier" File: C:/Users/shin/Documents/Quartus/newBoothMultiplier/multiplier.v Line: 23
Info (12128): Elaborating entity "register_128bits" for hierarchy "register_128bits:R4_result" File: C:/Users/shin/Documents/Quartus/newBoothMultiplier/multiplier.v Line: 24
Info (12128): Elaborating entity "state_count_output_controler" for hierarchy "state_count_output_controler:U0_state_count_output_controler" File: C:/Users/shin/Documents/Quartus/newBoothMultiplier/multiplier.v Line: 27
Warning (10230): Verilog HDL assignment warning at state_count_output_controler.v(31): truncated value with size 32 to match size of target (5) File: C:/Users/shin/Documents/Quartus/newBoothMultiplier/state_count_output_controler.v Line: 31
Info (12128): Elaborating entity "multiplier_multiplicand_controler" for hierarchy "multiplier_multiplicand_controler:U1_multiplier_multiplicand_controler" File: C:/Users/shin/Documents/Quartus/newBoothMultiplier/multiplier.v Line: 30
Warning (10235): Verilog HDL Always Construct warning at multiplier_multiplicand_controler.v(30): variable "multiplicandIn" is read inside the Always Construct but isn't in the Always Construct's Event Control File: C:/Users/shin/Documents/Quartus/newBoothMultiplier/multiplier_multiplicand_controler.v Line: 30
Warning (10235): Verilog HDL Always Construct warning at multiplier_multiplicand_controler.v(31): variable "multiplicandIn" is read inside the Always Construct but isn't in the Always Construct's Event Control File: C:/Users/shin/Documents/Quartus/newBoothMultiplier/multiplier_multiplicand_controler.v Line: 31
Warning (10235): Verilog HDL Always Construct warning at multiplier_multiplicand_controler.v(32): variable "multiplicandIn" is read inside the Always Construct but isn't in the Always Construct's Event Control File: C:/Users/shin/Documents/Quartus/newBoothMultiplier/multiplier_multiplicand_controler.v Line: 32
Warning (10235): Verilog HDL Always Construct warning at multiplier_multiplicand_controler.v(33): variable "multiplicandMinus" is read inside the Always Construct but isn't in the Always Construct's Event Control File: C:/Users/shin/Documents/Quartus/newBoothMultiplier/multiplier_multiplicand_controler.v Line: 33
Warning (10235): Verilog HDL Always Construct warning at multiplier_multiplicand_controler.v(34): variable "multiplicandMinus" is read inside the Always Construct but isn't in the Always Construct's Event Control File: C:/Users/shin/Documents/Quartus/newBoothMultiplier/multiplier_multiplicand_controler.v Line: 34
Warning (10235): Verilog HDL Always Construct warning at multiplier_multiplicand_controler.v(35): variable "multiplicandMinus" is read inside the Always Construct but isn't in the Always Construct's Event Control File: C:/Users/shin/Documents/Quartus/newBoothMultiplier/multiplier_multiplicand_controler.v Line: 35
Info (12128): Elaborating entity "result_controler" for hierarchy "result_controler:U2_result_controler" File: C:/Users/shin/Documents/Quartus/newBoothMultiplier/multiplier.v Line: 31
Info (286030): Timing-Driven Synthesis is running
Info (16010): Generating hard_block partition "hard_block:auto_generated_inst"
    Info (16011): Adding 0 node(s), including 0 DDIO, 0 PLL, 0 transceiver and 0 LCELL
Info (21057): Implemented 724 device resources after synthesis - the final resource count might be different
    Info (21058): Implemented 132 input pins
    Info (21059): Implemented 129 output pins
    Info (21061): Implemented 463 logic cells
Info: Quartus Prime Analysis & Synthesis was successful. 0 errors, 8 warnings
    Info: Peak virtual memory: 4976 megabytes
    Info: Processing ended: Sat Nov 19 16:28:31 2022
    Info: Elapsed time: 00:00:08
    Info: Total CPU time (on all processors): 00:00:05


